0 info it worked if it ends with ok
1 verbose cli [ '/usr/local/bin/node',
1 verbose cli   '/usr/local/bin/npm',
1 verbose cli   'install',
1 verbose cli   'connet' ]
2 info using npm@2.15.0
3 info using node@v4.4.2
4 verbose install initial load of /home/janghae/workspace/NodeTest/package.json
5 verbose installManyTop reading scoped package data from /home/janghae/workspace/NodeTest/node_modules/formidable/package.json
6 verbose installManyTop reading scoped package data from /home/janghae/workspace/NodeTest/node_modules/htmlparser/package.json
7 verbose installManyTop reading scoped package data from /home/janghae/workspace/NodeTest/node_modules/nimble/package.json
8 verbose installManyTop reading scoped package data from /home/janghae/workspace/NodeTest/node_modules/request/package.json
9 info package.json formidable@1.0.17 No license field.
10 info package.json htmlparser@1.7.7 No license field.
11 info package.json nimble@0.0.2 No license field.
12 verbose readDependencies loading dependencies from /home/janghae/workspace/NodeTest/package.json
13 silly cache add args [ 'connet', null ]
14 verbose cache add spec connet
15 silly cache add parsed spec Result {
15 silly cache add   raw: 'connet',
15 silly cache add   scope: null,
15 silly cache add   name: 'connet',
15 silly cache add   rawSpec: '',
15 silly cache add   spec: 'latest',
15 silly cache add   type: 'tag' }
16 silly addNamed connet@latest
17 verbose addNamed "latest" is being treated as a dist-tag for connet
18 info addNameTag [ 'connet', 'latest' ]
19 silly mapToRegistry name connet
20 silly mapToRegistry using default registry
21 silly mapToRegistry registry https://registry.npmjs.org/
22 silly mapToRegistry data Result {
22 silly mapToRegistry   raw: 'connet',
22 silly mapToRegistry   scope: null,
22 silly mapToRegistry   name: 'connet',
22 silly mapToRegistry   rawSpec: '',
22 silly mapToRegistry   spec: 'latest',
22 silly mapToRegistry   type: 'tag' }
23 silly mapToRegistry uri https://registry.npmjs.org/connet
24 verbose addNameTag registry:https://registry.npmjs.org/connet not in flight; fetching
25 verbose request uri https://registry.npmjs.org/connet
26 verbose request no auth needed
27 info attempt registry request try #1 at 23:59:12
28 verbose request id 6ff85050a1421dd0
29 http request GET https://registry.npmjs.org/connet
30 http 404 https://registry.npmjs.org/connet
31 verbose headers { 'content-type': 'application/json',
31 verbose headers   'cache-control': 'max-age=0',
31 verbose headers   'content-length': '2',
31 verbose headers   'accept-ranges': 'bytes',
31 verbose headers   date: 'Tue, 14 Jun 2016 14:59:13 GMT',
31 verbose headers   via: '1.1 varnish',
31 verbose headers   age: '0',
31 verbose headers   connection: 'keep-alive',
31 verbose headers   'x-served-by': 'cache-hkg6825-HKG',
31 verbose headers   'x-cache': 'MISS',
31 verbose headers   'x-cache-hits': '0',
31 verbose headers   'x-timer': 'S1465916353.263164,VS0,VE201',
31 verbose headers   vary: 'Accept-Encoding' }
32 silly get cb [ 404,
32 silly get   { 'content-type': 'application/json',
32 silly get     'cache-control': 'max-age=0',
32 silly get     'content-length': '2',
32 silly get     'accept-ranges': 'bytes',
32 silly get     date: 'Tue, 14 Jun 2016 14:59:13 GMT',
32 silly get     via: '1.1 varnish',
32 silly get     age: '0',
32 silly get     connection: 'keep-alive',
32 silly get     'x-served-by': 'cache-hkg6825-HKG',
32 silly get     'x-cache': 'MISS',
32 silly get     'x-cache-hits': '0',
32 silly get     'x-timer': 'S1465916353.263164,VS0,VE201',
32 silly get     vary: 'Accept-Encoding' } ]
33 verbose stack Error: Registry returned 404 for GET on https://registry.npmjs.org/connet
33 verbose stack     at makeError (/usr/local/lib/node_modules/npm/node_modules/npm-registry-client/lib/request.js:264:12)
33 verbose stack     at CachingRegistryClient.<anonymous> (/usr/local/lib/node_modules/npm/node_modules/npm-registry-client/lib/request.js:242:14)
33 verbose stack     at Request._callback (/usr/local/lib/node_modules/npm/node_modules/npm-registry-client/lib/request.js:172:14)
33 verbose stack     at Request.self.callback (/usr/local/lib/node_modules/npm/node_modules/request/request.js:199:22)
33 verbose stack     at emitTwo (events.js:87:13)
33 verbose stack     at Request.emit (events.js:172:7)
33 verbose stack     at Request.<anonymous> (/usr/local/lib/node_modules/npm/node_modules/request/request.js:1036:10)
33 verbose stack     at emitOne (events.js:82:20)
33 verbose stack     at Request.emit (events.js:169:7)
33 verbose stack     at IncomingMessage.<anonymous> (/usr/local/lib/node_modules/npm/node_modules/request/request.js:963:12)
34 verbose statusCode 404
35 verbose pkgid connet
36 verbose cwd /home/janghae/workspace/NodeTest
37 error Linux 4.5.5-201.fc23.x86_64
38 error argv "/usr/local/bin/node" "/usr/local/bin/npm" "install" "connet"
39 error node v4.4.2
40 error npm  v2.15.0
41 error code E404
42 error 404 Registry returned 404 for GET on https://registry.npmjs.org/connet
42 error 404
42 error 404 'connet' is not in the npm registry.
42 error 404 You should bug the author to publish it (or use the name yourself!)
42 error 404
42 error 404 Note that you can also install from a
42 error 404 tarball, folder, http url, or git url.
43 verbose exit [ 1, true ]
